

Started GET "/" for ::1 at 2016-07-01 13:03:29 -0700
Processing by Rails::WelcomeController#index as HTML
  Rendered /Users/ttrojan/.rbenv/versions/2.2.4/lib/ruby/gems/2.2.0/gems/railties-4.2.6/lib/rails/templates/rails/welcome/index.html.erb (2.3ms)
Completed 200 OK in 46ms (Views: 45.6ms | ActiveRecord: 0.0ms)


Started GET "/" for ::1 at 2016-07-01 13:04:10 -0700
Processing by HomeController#index as HTML
  Rendered home/index.html.erb within layouts/application (0.3ms)
Completed 200 OK in 2049ms (Views: 2048.9ms | ActiveRecord: 0.0ms)


Started GET "/" for ::1 at 2016-07-01 13:06:08 -0700
Processing by HomeController#index as HTML
  Rendered home/index.html.erb within layouts/application (1.3ms)
Completed 200 OK in 1845ms (Views: 1844.3ms | ActiveRecord: 0.0ms)


Started GET "/assets/application.self-e80e8f2318043e8af94dddc2adad5a4f09739a8ebb323b3ab31cd71d45fd9113.css?body=1" for ::1 at 2016-07-01 13:06:10 -0700


Started GET "/assets/home.self-e3b0c44298fc1c149afbf4c8996fb92427ae41e4649b934ca495991b7852b855.css?body=1" for ::1 at 2016-07-01 13:06:10 -0700


Started GET "/assets/jquery.self-660adc51e0224b731d29f575a6f1ec167ba08ad06ed5deca4f1e8654c135bf4c.js?body=1" for ::1 at 2016-07-01 13:06:10 -0700


Started GET "/assets/home.self-19a187bec6cdb96d6de80a61c16c857c613536adf9138476bd367db38d282635.js?body=1" for ::1 at 2016-07-01 13:06:10 -0700


Started GET "/assets/jquery_ujs.self-e87806d0cf4489aeb1bb7288016024e8de67fd18db693fe026fe3907581e53cd.js?body=1" for ::1 at 2016-07-01 13:06:10 -0700


Started GET "/assets/main.self-31b90dba5f5dffa67bcddfa2da21e8b5c29d4379779fb117b89b6356964e8c1c.js?body=1" for ::1 at 2016-07-01 13:06:10 -0700


Started GET "/assets/application.self-377610cd7c1509e934744c810e3b4cf672dfbcacac3274e7d039827e2ae0fcc7.js?body=1" for ::1 at 2016-07-01 13:06:10 -0700


Started GET "/" for ::1 at 2016-07-01 13:06:54 -0700
Processing by HomeController#index as HTML
  Rendered home/index.html.erb within layouts/application (0.1ms)
Completed 200 OK in 205ms (Views: 205.3ms | ActiveRecord: 0.0ms)


Started GET "/assets/home.self-e3b0c44298fc1c149afbf4c8996fb92427ae41e4649b934ca495991b7852b855.css?body=1" for ::1 at 2016-07-01 13:06:55 -0700


Started GET "/assets/development/react.self-bf407d871f2396ec7dcba5eb91bd3f3955401699aef9b87f48b6e1694c24a078.js?body=1" for ::1 at 2016-07-01 13:06:55 -0700


Started GET "/assets/jquery_ujs.self-e87806d0cf4489aeb1bb7288016024e8de67fd18db693fe026fe3907581e53cd.js?body=1" for ::1 at 2016-07-01 13:06:55 -0700


Started GET "/assets/home.self-19a187bec6cdb96d6de80a61c16c857c613536adf9138476bd367db38d282635.js?body=1" for ::1 at 2016-07-01 13:06:55 -0700


Started GET "/assets/application.self-e80e8f2318043e8af94dddc2adad5a4f09739a8ebb323b3ab31cd71d45fd9113.css?body=1" for ::1 at 2016-07-01 13:06:55 -0700


Started GET "/assets/jquery.self-660adc51e0224b731d29f575a6f1ec167ba08ad06ed5deca4f1e8654c135bf4c.js?body=1" for ::1 at 2016-07-01 13:06:55 -0700


Started GET "/assets/main.self-31b90dba5f5dffa67bcddfa2da21e8b5c29d4379779fb117b89b6356964e8c1c.js?body=1" for ::1 at 2016-07-01 13:06:55 -0700


Started GET "/assets/application.self-3b8dabdc891efe46b9a144b400ad69e37d7e5876bdc39dee783419a69d7ca819.js?body=1" for ::1 at 2016-07-01 13:06:55 -0700


Started GET "/" for ::1 at 2016-07-01 13:07:16 -0700
Processing by HomeController#index as HTML
  Rendered home/index.html.erb within layouts/application (0.0ms)
Completed 200 OK in 905ms (Views: 904.7ms | ActiveRecord: 0.0ms)


Started GET "/assets/application.self-e80e8f2318043e8af94dddc2adad5a4f09739a8ebb323b3ab31cd71d45fd9113.css?body=1" for ::1 at 2016-07-01 13:07:17 -0700


Started GET "/assets/home.self-e3b0c44298fc1c149afbf4c8996fb92427ae41e4649b934ca495991b7852b855.css?body=1" for ::1 at 2016-07-01 13:07:17 -0700


Started GET "/assets/jquery.self-660adc51e0224b731d29f575a6f1ec167ba08ad06ed5deca4f1e8654c135bf4c.js?body=1" for ::1 at 2016-07-01 13:07:17 -0700


Started GET "/assets/development/react.self-bf407d871f2396ec7dcba5eb91bd3f3955401699aef9b87f48b6e1694c24a078.js?body=1" for ::1 at 2016-07-01 13:07:17 -0700


Started GET "/assets/main.self-5e6ead1e6c801bdf058c51623183df02f2b87867315f08b2876a2a9ec046d5ac.js?body=1" for ::1 at 2016-07-01 13:07:17 -0700


Started GET "/assets/jquery_ujs.self-e87806d0cf4489aeb1bb7288016024e8de67fd18db693fe026fe3907581e53cd.js?body=1" for ::1 at 2016-07-01 13:07:17 -0700


Started GET "/assets/home.self-19a187bec6cdb96d6de80a61c16c857c613536adf9138476bd367db38d282635.js?body=1" for ::1 at 2016-07-01 13:07:17 -0700


Started GET "/assets/application.self-3b8dabdc891efe46b9a144b400ad69e37d7e5876bdc39dee783419a69d7ca819.js?body=1" for ::1 at 2016-07-01 13:07:17 -0700


Started GET "/" for ::1 at 2016-07-01 13:14:49 -0700
Processing by HomeController#index as HTML
  Rendered home/index.html.erb within layouts/application (0.0ms)
Completed 200 OK in 1003ms (Views: 1002.7ms | ActiveRecord: 0.0ms)


Started GET "/assets/home.self-e3b0c44298fc1c149afbf4c8996fb92427ae41e4649b934ca495991b7852b855.css?body=1" for ::1 at 2016-07-01 13:14:50 -0700


Started GET "/assets/jquery_ujs.self-e87806d0cf4489aeb1bb7288016024e8de67fd18db693fe026fe3907581e53cd.js?body=1" for ::1 at 2016-07-01 13:14:50 -0700


Started GET "/assets/jquery.self-660adc51e0224b731d29f575a6f1ec167ba08ad06ed5deca4f1e8654c135bf4c.js?body=1" for ::1 at 2016-07-01 13:14:50 -0700


Started GET "/assets/main.self-6d663ae061f9ef8b89d47ec50aca6ccdd03c075087f220ae77582c6ac54a3718.js?body=1" for ::1 at 2016-07-01 13:14:50 -0700


Started GET "/assets/development/react.self-bf407d871f2396ec7dcba5eb91bd3f3955401699aef9b87f48b6e1694c24a078.js?body=1" for ::1 at 2016-07-01 13:14:50 -0700


Started GET "/assets/home.self-19a187bec6cdb96d6de80a61c16c857c613536adf9138476bd367db38d282635.js?body=1" for ::1 at 2016-07-01 13:14:50 -0700


Started GET "/assets/application.self-e80e8f2318043e8af94dddc2adad5a4f09739a8ebb323b3ab31cd71d45fd9113.css?body=1" for ::1 at 2016-07-01 13:14:50 -0700


Started GET "/assets/application.self-3b8dabdc891efe46b9a144b400ad69e37d7e5876bdc39dee783419a69d7ca819.js?body=1" for ::1 at 2016-07-01 13:14:50 -0700


Started GET "/" for ::1 at 2016-07-01 13:16:17 -0700
Processing by HomeController#index as HTML
  Rendered home/index.html.erb within layouts/application (0.5ms)
Completed 200 OK in 1042ms (Views: 1042.0ms | ActiveRecord: 0.0ms)


Started GET "/assets/home.self-e3b0c44298fc1c149afbf4c8996fb92427ae41e4649b934ca495991b7852b855.css?body=1" for ::1 at 2016-07-01 13:16:18 -0700


Started GET "/assets/application.self-e80e8f2318043e8af94dddc2adad5a4f09739a8ebb323b3ab31cd71d45fd9113.css?body=1" for ::1 at 2016-07-01 13:16:18 -0700


Started GET "/assets/jquery.self-660adc51e0224b731d29f575a6f1ec167ba08ad06ed5deca4f1e8654c135bf4c.js?body=1" for ::1 at 2016-07-01 13:16:18 -0700


Started GET "/assets/react_ujs.self-c42e5ee44bcda6910afca6fb40f99d9963074b3aefe72365ce90c24312e73b2b.js?body=1" for ::1 at 2016-07-01 13:16:18 -0700


Started GET "/assets/development/react.self-bf407d871f2396ec7dcba5eb91bd3f3955401699aef9b87f48b6e1694c24a078.js?body=1" for ::1 at 2016-07-01 13:16:18 -0700


Started GET "/assets/home.self-19a187bec6cdb96d6de80a61c16c857c613536adf9138476bd367db38d282635.js?body=1" for ::1 at 2016-07-01 13:16:18 -0700


Started GET "/assets/main.self-9a08c22cdfa8b644e0e8b9f21c0689d9ba9b7a4e34a1a815bcd0738f0c907b71.js?body=1" for ::1 at 2016-07-01 13:16:18 -0700


Started GET "/assets/jquery_ujs.self-e87806d0cf4489aeb1bb7288016024e8de67fd18db693fe026fe3907581e53cd.js?body=1" for ::1 at 2016-07-01 13:16:18 -0700


Started GET "/assets/application.self-f8806224e027f3e3f0138ea9ce99319e298dfdb323304d1f1be6eae8e8c74724.js?body=1" for ::1 at 2016-07-01 13:16:18 -0700


Started GET "/" for ::1 at 2016-07-01 13:17:21 -0700
Processing by HomeController#index as HTML
  Rendered home/index.html.erb within layouts/application (0.6ms)
Completed 200 OK in 1001ms (Views: 1000.6ms | ActiveRecord: 0.0ms)


Started GET "/assets/home.self-e3b0c44298fc1c149afbf4c8996fb92427ae41e4649b934ca495991b7852b855.css?body=1" for ::1 at 2016-07-01 13:17:22 -0700


Started GET "/assets/application.self-e80e8f2318043e8af94dddc2adad5a4f09739a8ebb323b3ab31cd71d45fd9113.css?body=1" for ::1 at 2016-07-01 13:17:22 -0700


Started GET "/assets/jquery.self-660adc51e0224b731d29f575a6f1ec167ba08ad06ed5deca4f1e8654c135bf4c.js?body=1" for ::1 at 2016-07-01 13:17:22 -0700


Started GET "/assets/jquery_ujs.self-e87806d0cf4489aeb1bb7288016024e8de67fd18db693fe026fe3907581e53cd.js?body=1" for ::1 at 2016-07-01 13:17:22 -0700


Started GET "/assets/home.self-19a187bec6cdb96d6de80a61c16c857c613536adf9138476bd367db38d282635.js?body=1" for ::1 at 2016-07-01 13:17:22 -0700


Started GET "/assets/application.self-f8806224e027f3e3f0138ea9ce99319e298dfdb323304d1f1be6eae8e8c74724.js?body=1" for ::1 at 2016-07-01 13:17:22 -0700


Started GET "/assets/development/react.self-bf407d871f2396ec7dcba5eb91bd3f3955401699aef9b87f48b6e1694c24a078.js?body=1" for ::1 at 2016-07-01 13:17:22 -0700


Started GET "/assets/react_ujs.self-c42e5ee44bcda6910afca6fb40f99d9963074b3aefe72365ce90c24312e73b2b.js?body=1" for ::1 at 2016-07-01 13:17:22 -0700


Started GET "/assets/main.self-54be6214fd1cdb6939a851fa5c1752470ae6c89e91e19cb3849a63b255649111.js?body=1" for ::1 at 2016-07-01 13:17:22 -0700


Started GET "/" for ::1 at 2016-07-01 13:19:07 -0700
Processing by HomeController#index as HTML
  Rendered home/index.html.erb within layouts/application (1309.8ms)
Completed 500 Internal Server Error in 1315ms (ActiveRecord: 0.0ms)

ActionView::Template::Error (ReferenceError: $ is not defined):
    5: 
    6: 
    7: <%# This makes it SEO friendly %>
    8: <%= react_component("NewMain", {}, {prerender: true}) %>
  app/views/home/index.html.erb:8:in `_app_views_home_index_html_erb___3332679503993937532_70300591332940'


  Rendered /Users/ttrojan/.rbenv/versions/2.2.4/lib/ruby/gems/2.2.0/gems/actionpack-4.2.6/lib/action_dispatch/middleware/templates/rescues/_source.erb (15.7ms)
  Rendered /Users/ttrojan/.rbenv/versions/2.2.4/lib/ruby/gems/2.2.0/gems/actionpack-4.2.6/lib/action_dispatch/middleware/templates/rescues/_trace.html.erb (4.2ms)
  Rendered /Users/ttrojan/.rbenv/versions/2.2.4/lib/ruby/gems/2.2.0/gems/actionpack-4.2.6/lib/action_dispatch/middleware/templates/rescues/_request_and_response.html.erb (1.6ms)
  Rendered /Users/ttrojan/.rbenv/versions/2.2.4/lib/ruby/gems/2.2.0/gems/actionpack-4.2.6/lib/action_dispatch/middleware/templates/rescues/template_error.html.erb within rescues/layout (85.6ms)
  Rendered /Users/ttrojan/.rbenv/versions/2.2.4/lib/ruby/gems/2.2.0/gems/web-console-2.3.0/lib/web_console/templates/_markup.html.erb (0.4ms)
  Rendered /Users/ttrojan/.rbenv/versions/2.2.4/lib/ruby/gems/2.2.0/gems/web-console-2.3.0/lib/web_console/templates/_inner_console_markup.html.erb within layouts/inlined_string (0.3ms)
  Rendered /Users/ttrojan/.rbenv/versions/2.2.4/lib/ruby/gems/2.2.0/gems/web-console-2.3.0/lib/web_console/templates/_prompt_box_markup.html.erb within layouts/inlined_string (0.2ms)
  Rendered /Users/ttrojan/.rbenv/versions/2.2.4/lib/ruby/gems/2.2.0/gems/web-console-2.3.0/lib/web_console/templates/style.css.erb within layouts/inlined_string (0.4ms)
  Rendered /Users/ttrojan/.rbenv/versions/2.2.4/lib/ruby/gems/2.2.0/gems/web-console-2.3.0/lib/web_console/templates/console.js.erb within layouts/javascript (692.0ms)
  Rendered /Users/ttrojan/.rbenv/versions/2.2.4/lib/ruby/gems/2.2.0/gems/web-console-2.3.0/lib/web_console/templates/main.js.erb within layouts/javascript (0.4ms)
  Rendered /Users/ttrojan/.rbenv/versions/2.2.4/lib/ruby/gems/2.2.0/gems/web-console-2.3.0/lib/web_console/templates/error_page.js.erb within layouts/javascript (0.3ms)
  Rendered /Users/ttrojan/.rbenv/versions/2.2.4/lib/ruby/gems/2.2.0/gems/web-console-2.3.0/lib/web_console/templates/index.html.erb (791.9ms)


Started GET "/" for ::1 at 2016-07-01 13:19:51 -0700
Processing by HomeController#index as HTML
  Rendered home/index.html.erb within layouts/application (245.0ms)
Completed 500 Internal Server Error in 250ms (ActiveRecord: 0.0ms)

ActionView::Template::Error (ReferenceError: $ is not defined):
    5: 
    6: 
    7: <%# This makes it SEO friendly %>
    8: <%= react_component("NewMain", {}, {prerender: true}) %>
  app/views/home/index.html.erb:8:in `_app_views_home_index_html_erb___3332679503993937532_70300584807760'


  Rendered /Users/ttrojan/.rbenv/versions/2.2.4/lib/ruby/gems/2.2.0/gems/actionpack-4.2.6/lib/action_dispatch/middleware/templates/rescues/_source.erb (9.0ms)
  Rendered /Users/ttrojan/.rbenv/versions/2.2.4/lib/ruby/gems/2.2.0/gems/actionpack-4.2.6/lib/action_dispatch/middleware/templates/rescues/_trace.html.erb (3.6ms)
  Rendered /Users/ttrojan/.rbenv/versions/2.2.4/lib/ruby/gems/2.2.0/gems/actionpack-4.2.6/lib/action_dispatch/middleware/templates/rescues/_request_and_response.html.erb (1.6ms)
  Rendered /Users/ttrojan/.rbenv/versions/2.2.4/lib/ruby/gems/2.2.0/gems/actionpack-4.2.6/lib/action_dispatch/middleware/templates/rescues/template_error.html.erb within rescues/layout (72.1ms)
  Rendered /Users/ttrojan/.rbenv/versions/2.2.4/lib/ruby/gems/2.2.0/gems/web-console-2.3.0/lib/web_console/templates/_markup.html.erb (0.4ms)
  Rendered /Users/ttrojan/.rbenv/versions/2.2.4/lib/ruby/gems/2.2.0/gems/web-console-2.3.0/lib/web_console/templates/_inner_console_markup.html.erb within layouts/inlined_string (0.3ms)
  Rendered /Users/ttrojan/.rbenv/versions/2.2.4/lib/ruby/gems/2.2.0/gems/web-console-2.3.0/lib/web_console/templates/_prompt_box_markup.html.erb within layouts/inlined_string (0.3ms)
  Rendered /Users/ttrojan/.rbenv/versions/2.2.4/lib/ruby/gems/2.2.0/gems/web-console-2.3.0/lib/web_console/templates/style.css.erb within layouts/inlined_string (0.3ms)
  Rendered /Users/ttrojan/.rbenv/versions/2.2.4/lib/ruby/gems/2.2.0/gems/web-console-2.3.0/lib/web_console/templates/console.js.erb within layouts/javascript (59.0ms)
  Rendered /Users/ttrojan/.rbenv/versions/2.2.4/lib/ruby/gems/2.2.0/gems/web-console-2.3.0/lib/web_console/templates/main.js.erb within layouts/javascript (0.3ms)
  Rendered /Users/ttrojan/.rbenv/versions/2.2.4/lib/ruby/gems/2.2.0/gems/web-console-2.3.0/lib/web_console/templates/error_page.js.erb within layouts/javascript (0.4ms)
  Rendered /Users/ttrojan/.rbenv/versions/2.2.4/lib/ruby/gems/2.2.0/gems/web-console-2.3.0/lib/web_console/templates/index.html.erb (129.4ms)


Started GET "/" for ::1 at 2016-07-01 13:20:04 -0700
Processing by HomeController#index as HTML
  Rendered home/index.html.erb within layouts/application (244.4ms)
Completed 500 Internal Server Error in 249ms (ActiveRecord: 0.0ms)

ActionView::Template::Error (ReferenceError: $ is not defined):
    5: 
    6: 
    7: 
    8: <%= react_component("NewMain", {}, {prerender: true}) %>
  app/views/home/index.html.erb:8:in `_app_views_home_index_html_erb___3332679503993937532_70300569537980'


  Rendered /Users/ttrojan/.rbenv/versions/2.2.4/lib/ruby/gems/2.2.0/gems/actionpack-4.2.6/lib/action_dispatch/middleware/templates/rescues/_source.erb (8.8ms)
  Rendered /Users/ttrojan/.rbenv/versions/2.2.4/lib/ruby/gems/2.2.0/gems/actionpack-4.2.6/lib/action_dispatch/middleware/templates/rescues/_trace.html.erb (3.8ms)
  Rendered /Users/ttrojan/.rbenv/versions/2.2.4/lib/ruby/gems/2.2.0/gems/actionpack-4.2.6/lib/action_dispatch/middleware/templates/rescues/_request_and_response.html.erb (1.7ms)
  Rendered /Users/ttrojan/.rbenv/versions/2.2.4/lib/ruby/gems/2.2.0/gems/actionpack-4.2.6/lib/action_dispatch/middleware/templates/rescues/template_error.html.erb within rescues/layout (73.4ms)
  Rendered /Users/ttrojan/.rbenv/versions/2.2.4/lib/ruby/gems/2.2.0/gems/web-console-2.3.0/lib/web_console/templates/_markup.html.erb (0.4ms)
  Rendered /Users/ttrojan/.rbenv/versions/2.2.4/lib/ruby/gems/2.2.0/gems/web-console-2.3.0/lib/web_console/templates/_inner_console_markup.html.erb within layouts/inlined_string (0.4ms)
  Rendered /Users/ttrojan/.rbenv/versions/2.2.4/lib/ruby/gems/2.2.0/gems/web-console-2.3.0/lib/web_console/templates/_prompt_box_markup.html.erb within layouts/inlined_string (0.3ms)
  Rendered /Users/ttrojan/.rbenv/versions/2.2.4/lib/ruby/gems/2.2.0/gems/web-console-2.3.0/lib/web_console/templates/style.css.erb within layouts/inlined_string (0.4ms)
  Rendered /Users/ttrojan/.rbenv/versions/2.2.4/lib/ruby/gems/2.2.0/gems/web-console-2.3.0/lib/web_console/templates/console.js.erb within layouts/javascript (57.7ms)
  Rendered /Users/ttrojan/.rbenv/versions/2.2.4/lib/ruby/gems/2.2.0/gems/web-console-2.3.0/lib/web_console/templates/main.js.erb within layouts/javascript (0.2ms)
  Rendered /Users/ttrojan/.rbenv/versions/2.2.4/lib/ruby/gems/2.2.0/gems/web-console-2.3.0/lib/web_console/templates/error_page.js.erb within layouts/javascript (0.4ms)
  Rendered /Users/ttrojan/.rbenv/versions/2.2.4/lib/ruby/gems/2.2.0/gems/web-console-2.3.0/lib/web_console/templates/index.html.erb (127.2ms)


Started GET "/" for ::1 at 2016-07-01 13:20:10 -0700
Processing by HomeController#index as HTML
  Rendered home/index.html.erb within layouts/application (0.5ms)
Completed 200 OK in 129ms (Views: 128.4ms | ActiveRecord: 0.0ms)


Started GET "/assets/components.self-54be6214fd1cdb6939a851fa5c1752470ae6c89e91e19cb3849a63b255649111.js?body=1" for ::1 at 2016-07-01 13:20:10 -0700


Started GET "/assets/home.self-e3b0c44298fc1c149afbf4c8996fb92427ae41e4649b934ca495991b7852b855.css?body=1" for ::1 at 2016-07-01 13:20:10 -0700


Started GET "/assets/jquery_ujs.self-e87806d0cf4489aeb1bb7288016024e8de67fd18db693fe026fe3907581e53cd.js?body=1" for ::1 at 2016-07-01 13:20:10 -0700


Started GET "/assets/jquery.self-660adc51e0224b731d29f575a6f1ec167ba08ad06ed5deca4f1e8654c135bf4c.js?body=1" for ::1 at 2016-07-01 13:20:10 -0700


Started GET "/assets/development/react.self-bf407d871f2396ec7dcba5eb91bd3f3955401699aef9b87f48b6e1694c24a078.js?body=1" for ::1 at 2016-07-01 13:20:10 -0700


Started GET "/assets/application.self-e80e8f2318043e8af94dddc2adad5a4f09739a8ebb323b3ab31cd71d45fd9113.css?body=1" for ::1 at 2016-07-01 13:20:10 -0700


Started GET "/assets/react_ujs.self-c42e5ee44bcda6910afca6fb40f99d9963074b3aefe72365ce90c24312e73b2b.js?body=1" for ::1 at 2016-07-01 13:20:10 -0700


Started GET "/assets/home.self-19a187bec6cdb96d6de80a61c16c857c613536adf9138476bd367db38d282635.js?body=1" for ::1 at 2016-07-01 13:20:10 -0700


Started GET "/assets/application.self-f8806224e027f3e3f0138ea9ce99319e298dfdb323304d1f1be6eae8e8c74724.js?body=1" for ::1 at 2016-07-01 13:20:10 -0700


Started GET "/" for ::1 at 2016-07-01 13:22:05 -0700
Processing by HomeController#index as HTML
  Rendered home/index.html.erb within layouts/application (247.2ms)
Completed 500 Internal Server Error in 252ms (ActiveRecord: 0.0ms)

ActionView::Template::Error (ReferenceError: $ is not defined):
    5: 
    6: 
    7: <%# This makes it SEO friendly %>
    8: <%= react_component('NewMain', {name: "chris"}, {prerender: true}) %>
  app/views/home/index.html.erb:8:in `_app_views_home_index_html_erb___3332679503993937532_70300607207420'


  Rendered /Users/ttrojan/.rbenv/versions/2.2.4/lib/ruby/gems/2.2.0/gems/actionpack-4.2.6/lib/action_dispatch/middleware/templates/rescues/_source.erb (11.5ms)
  Rendered /Users/ttrojan/.rbenv/versions/2.2.4/lib/ruby/gems/2.2.0/gems/actionpack-4.2.6/lib/action_dispatch/middleware/templates/rescues/_trace.html.erb (4.7ms)
  Rendered /Users/ttrojan/.rbenv/versions/2.2.4/lib/ruby/gems/2.2.0/gems/actionpack-4.2.6/lib/action_dispatch/middleware/templates/rescues/_request_and_response.html.erb (1.4ms)
  Rendered /Users/ttrojan/.rbenv/versions/2.2.4/lib/ruby/gems/2.2.0/gems/actionpack-4.2.6/lib/action_dispatch/middleware/templates/rescues/template_error.html.erb within rescues/layout (76.0ms)
  Rendered /Users/ttrojan/.rbenv/versions/2.2.4/lib/ruby/gems/2.2.0/gems/web-console-2.3.0/lib/web_console/templates/_markup.html.erb (0.4ms)
  Rendered /Users/ttrojan/.rbenv/versions/2.2.4/lib/ruby/gems/2.2.0/gems/web-console-2.3.0/lib/web_console/templates/_inner_console_markup.html.erb within layouts/inlined_string (0.3ms)
  Rendered /Users/ttrojan/.rbenv/versions/2.2.4/lib/ruby/gems/2.2.0/gems/web-console-2.3.0/lib/web_console/templates/_prompt_box_markup.html.erb within layouts/inlined_string (0.2ms)
  Rendered /Users/ttrojan/.rbenv/versions/2.2.4/lib/ruby/gems/2.2.0/gems/web-console-2.3.0/lib/web_console/templates/style.css.erb within layouts/inlined_string (0.3ms)
  Rendered /Users/ttrojan/.rbenv/versions/2.2.4/lib/ruby/gems/2.2.0/gems/web-console-2.3.0/lib/web_console/templates/console.js.erb within layouts/javascript (56.9ms)
  Rendered /Users/ttrojan/.rbenv/versions/2.2.4/lib/ruby/gems/2.2.0/gems/web-console-2.3.0/lib/web_console/templates/main.js.erb within layouts/javascript (0.3ms)
  Rendered /Users/ttrojan/.rbenv/versions/2.2.4/lib/ruby/gems/2.2.0/gems/web-console-2.3.0/lib/web_console/templates/error_page.js.erb within layouts/javascript (0.4ms)
  Rendered /Users/ttrojan/.rbenv/versions/2.2.4/lib/ruby/gems/2.2.0/gems/web-console-2.3.0/lib/web_console/templates/index.html.erb (125.9ms)


Started GET "/" for ::1 at 2016-07-01 13:25:05 -0700
Processing by HomeController#index as HTML
  Rendered home/index.html.erb within layouts/application (0.5ms)
Completed 200 OK in 21ms (Views: 20.7ms | ActiveRecord: 0.0ms)


Started GET "/assets/home.self-e3b0c44298fc1c149afbf4c8996fb92427ae41e4649b934ca495991b7852b855.css?body=1" for ::1 at 2016-07-01 13:25:05 -0700


Started GET "/assets/application.self-e80e8f2318043e8af94dddc2adad5a4f09739a8ebb323b3ab31cd71d45fd9113.css?body=1" for ::1 at 2016-07-01 13:25:05 -0700


Started GET "/assets/jquery_ujs.self-e87806d0cf4489aeb1bb7288016024e8de67fd18db693fe026fe3907581e53cd.js?body=1" for ::1 at 2016-07-01 13:25:05 -0700


Started GET "/assets/components.self-54be6214fd1cdb6939a851fa5c1752470ae6c89e91e19cb3849a63b255649111.js?body=1" for ::1 at 2016-07-01 13:25:05 -0700


Started GET "/assets/jquery.self-660adc51e0224b731d29f575a6f1ec167ba08ad06ed5deca4f1e8654c135bf4c.js?body=1" for ::1 at 2016-07-01 13:25:05 -0700


Started GET "/assets/development/react.self-bf407d871f2396ec7dcba5eb91bd3f3955401699aef9b87f48b6e1694c24a078.js?body=1" for ::1 at 2016-07-01 13:25:05 -0700


Started GET "/assets/home.self-19a187bec6cdb96d6de80a61c16c857c613536adf9138476bd367db38d282635.js?body=1" for ::1 at 2016-07-01 13:25:05 -0700


Started GET "/assets/react_ujs.self-c42e5ee44bcda6910afca6fb40f99d9963074b3aefe72365ce90c24312e73b2b.js?body=1" for ::1 at 2016-07-01 13:25:05 -0700


Started GET "/assets/application.self-f8806224e027f3e3f0138ea9ce99319e298dfdb323304d1f1be6eae8e8c74724.js?body=1" for ::1 at 2016-07-01 13:25:05 -0700


Started GET "/" for ::1 at 2016-07-01 13:25:15 -0700
Processing by HomeController#index as HTML
  Rendered home/index.html.erb within layouts/application (244.6ms)
Completed 500 Internal Server Error in 249ms (ActiveRecord: 0.0ms)

ActionView::Template::Error (ReferenceError: $ is not defined):
     5: 
     6: 
     7: <%# This makes it SEO friendly %>
     8: <%= react_component('NewMain', 
     9: 	{name: "chris"},
    10: 	{prerender: true}) 
    11: %>
  app/views/home/index.html.erb:8:in `_app_views_home_index_html_erb___3332679503993937532_70300592809260'


  Rendered /Users/ttrojan/.rbenv/versions/2.2.4/lib/ruby/gems/2.2.0/gems/actionpack-4.2.6/lib/action_dispatch/middleware/templates/rescues/_source.erb (8.6ms)
  Rendered /Users/ttrojan/.rbenv/versions/2.2.4/lib/ruby/gems/2.2.0/gems/actionpack-4.2.6/lib/action_dispatch/middleware/templates/rescues/_trace.html.erb (3.8ms)
  Rendered /Users/ttrojan/.rbenv/versions/2.2.4/lib/ruby/gems/2.2.0/gems/actionpack-4.2.6/lib/action_dispatch/middleware/templates/rescues/_request_and_response.html.erb (1.2ms)
  Rendered /Users/ttrojan/.rbenv/versions/2.2.4/lib/ruby/gems/2.2.0/gems/actionpack-4.2.6/lib/action_dispatch/middleware/templates/rescues/template_error.html.erb within rescues/layout (70.8ms)
  Rendered /Users/ttrojan/.rbenv/versions/2.2.4/lib/ruby/gems/2.2.0/gems/web-console-2.3.0/lib/web_console/templates/_markup.html.erb (0.4ms)
  Rendered /Users/ttrojan/.rbenv/versions/2.2.4/lib/ruby/gems/2.2.0/gems/web-console-2.3.0/lib/web_console/templates/_inner_console_markup.html.erb within layouts/inlined_string (0.2ms)
  Rendered /Users/ttrojan/.rbenv/versions/2.2.4/lib/ruby/gems/2.2.0/gems/web-console-2.3.0/lib/web_console/templates/_prompt_box_markup.html.erb within layouts/inlined_string (0.3ms)
  Rendered /Users/ttrojan/.rbenv/versions/2.2.4/lib/ruby/gems/2.2.0/gems/web-console-2.3.0/lib/web_console/templates/style.css.erb within layouts/inlined_string (0.3ms)
  Rendered /Users/ttrojan/.rbenv/versions/2.2.4/lib/ruby/gems/2.2.0/gems/web-console-2.3.0/lib/web_console/templates/console.js.erb within layouts/javascript (56.5ms)
  Rendered /Users/ttrojan/.rbenv/versions/2.2.4/lib/ruby/gems/2.2.0/gems/web-console-2.3.0/lib/web_console/templates/main.js.erb within layouts/javascript (0.3ms)
  Rendered /Users/ttrojan/.rbenv/versions/2.2.4/lib/ruby/gems/2.2.0/gems/web-console-2.3.0/lib/web_console/templates/error_page.js.erb within layouts/javascript (0.4ms)
  Rendered /Users/ttrojan/.rbenv/versions/2.2.4/lib/ruby/gems/2.2.0/gems/web-console-2.3.0/lib/web_console/templates/index.html.erb (126.4ms)


Started GET "/" for ::1 at 2016-07-01 13:25:39 -0700
Processing by HomeController#index as HTML
  Rendered home/index.html.erb within layouts/application (247.5ms)
Completed 500 Internal Server Error in 252ms (ActiveRecord: 0.0ms)

ActionView::Template::Error (ReferenceError: $ is not defined):
     5: 
     6: 
     7: <%# This makes it SEO friendly %>
     8: <%= react_component('Main',
     9: 	{name: "chris"},
    10: 	{prerender: true}) 
    11: %>
  app/views/home/index.html.erb:8:in `_app_views_home_index_html_erb___3332679503993937532_70300612744660'


  Rendered /Users/ttrojan/.rbenv/versions/2.2.4/lib/ruby/gems/2.2.0/gems/actionpack-4.2.6/lib/action_dispatch/middleware/templates/rescues/_source.erb (9.7ms)
  Rendered /Users/ttrojan/.rbenv/versions/2.2.4/lib/ruby/gems/2.2.0/gems/actionpack-4.2.6/lib/action_dispatch/middleware/templates/rescues/_trace.html.erb (3.9ms)
  Rendered /Users/ttrojan/.rbenv/versions/2.2.4/lib/ruby/gems/2.2.0/gems/actionpack-4.2.6/lib/action_dispatch/middleware/templates/rescues/_request_and_response.html.erb (1.3ms)
  Rendered /Users/ttrojan/.rbenv/versions/2.2.4/lib/ruby/gems/2.2.0/gems/actionpack-4.2.6/lib/action_dispatch/middleware/templates/rescues/template_error.html.erb within rescues/layout (72.9ms)
  Rendered /Users/ttrojan/.rbenv/versions/2.2.4/lib/ruby/gems/2.2.0/gems/web-console-2.3.0/lib/web_console/templates/_markup.html.erb (0.4ms)
  Rendered /Users/ttrojan/.rbenv/versions/2.2.4/lib/ruby/gems/2.2.0/gems/web-console-2.3.0/lib/web_console/templates/_inner_console_markup.html.erb within layouts/inlined_string (0.3ms)
  Rendered /Users/ttrojan/.rbenv/versions/2.2.4/lib/ruby/gems/2.2.0/gems/web-console-2.3.0/lib/web_console/templates/_prompt_box_markup.html.erb within layouts/inlined_string (0.3ms)
  Rendered /Users/ttrojan/.rbenv/versions/2.2.4/lib/ruby/gems/2.2.0/gems/web-console-2.3.0/lib/web_console/templates/style.css.erb within layouts/inlined_string (0.3ms)
  Rendered /Users/ttrojan/.rbenv/versions/2.2.4/lib/ruby/gems/2.2.0/gems/web-console-2.3.0/lib/web_console/templates/console.js.erb within layouts/javascript (56.6ms)
  Rendered /Users/ttrojan/.rbenv/versions/2.2.4/lib/ruby/gems/2.2.0/gems/web-console-2.3.0/lib/web_console/templates/main.js.erb within layouts/javascript (0.3ms)
  Rendered /Users/ttrojan/.rbenv/versions/2.2.4/lib/ruby/gems/2.2.0/gems/web-console-2.3.0/lib/web_console/templates/error_page.js.erb within layouts/javascript (0.4ms)
  Rendered /Users/ttrojan/.rbenv/versions/2.2.4/lib/ruby/gems/2.2.0/gems/web-console-2.3.0/lib/web_console/templates/index.html.erb (126.2ms)


Started GET "/" for ::1 at 2016-07-01 13:26:46 -0700
Processing by HomeController#index as HTML
  Rendered home/index.html.erb within layouts/application (0.5ms)
Completed 200 OK in 20ms (Views: 19.5ms | ActiveRecord: 0.0ms)


Started GET "/assets/home.self-e3b0c44298fc1c149afbf4c8996fb92427ae41e4649b934ca495991b7852b855.css?body=1" for ::1 at 2016-07-01 13:26:46 -0700


Started GET "/assets/application.self-e80e8f2318043e8af94dddc2adad5a4f09739a8ebb323b3ab31cd71d45fd9113.css?body=1" for ::1 at 2016-07-01 13:26:46 -0700


Started GET "/assets/react_ujs.self-c42e5ee44bcda6910afca6fb40f99d9963074b3aefe72365ce90c24312e73b2b.js?body=1" for ::1 at 2016-07-01 13:26:46 -0700


Started GET "/assets/jquery.self-660adc51e0224b731d29f575a6f1ec167ba08ad06ed5deca4f1e8654c135bf4c.js?body=1" for ::1 at 2016-07-01 13:26:46 -0700


Started GET "/assets/development/react.self-bf407d871f2396ec7dcba5eb91bd3f3955401699aef9b87f48b6e1694c24a078.js?body=1" for ::1 at 2016-07-01 13:26:46 -0700


Started GET "/assets/components.self-54be6214fd1cdb6939a851fa5c1752470ae6c89e91e19cb3849a63b255649111.js?body=1" for ::1 at 2016-07-01 13:26:46 -0700


Started GET "/assets/jquery_ujs.self-e87806d0cf4489aeb1bb7288016024e8de67fd18db693fe026fe3907581e53cd.js?body=1" for ::1 at 2016-07-01 13:26:46 -0700


Started GET "/assets/home.self-19a187bec6cdb96d6de80a61c16c857c613536adf9138476bd367db38d282635.js?body=1" for ::1 at 2016-07-01 13:26:46 -0700


Started GET "/assets/application.self-f8806224e027f3e3f0138ea9ce99319e298dfdb323304d1f1be6eae8e8c74724.js?body=1" for ::1 at 2016-07-01 13:26:46 -0700


Started GET "/" for ::1 at 2016-07-01 13:27:11 -0700
Processing by HomeController#index as HTML
  Rendered home/index.html.erb within layouts/application (0.5ms)
Completed 200 OK in 21ms (Views: 21.0ms | ActiveRecord: 0.0ms)


Started GET "/assets/react_ujs.self-c42e5ee44bcda6910afca6fb40f99d9963074b3aefe72365ce90c24312e73b2b.js?body=1" for ::1 at 2016-07-01 13:27:11 -0700


Started GET "/assets/development/react.self-bf407d871f2396ec7dcba5eb91bd3f3955401699aef9b87f48b6e1694c24a078.js?body=1" for ::1 at 2016-07-01 13:27:11 -0700


Started GET "/assets/jquery.self-660adc51e0224b731d29f575a6f1ec167ba08ad06ed5deca4f1e8654c135bf4c.js?body=1" for ::1 at 2016-07-01 13:27:11 -0700


Started GET "/assets/home.self-e3b0c44298fc1c149afbf4c8996fb92427ae41e4649b934ca495991b7852b855.css?body=1" for ::1 at 2016-07-01 13:27:11 -0700


Started GET "/assets/application.self-e80e8f2318043e8af94dddc2adad5a4f09739a8ebb323b3ab31cd71d45fd9113.css?body=1" for ::1 at 2016-07-01 13:27:11 -0700


Started GET "/assets/jquery_ujs.self-e87806d0cf4489aeb1bb7288016024e8de67fd18db693fe026fe3907581e53cd.js?body=1" for ::1 at 2016-07-01 13:27:11 -0700


Started GET "/assets/components.self-54be6214fd1cdb6939a851fa5c1752470ae6c89e91e19cb3849a63b255649111.js?body=1" for ::1 at 2016-07-01 13:27:11 -0700


Started GET "/assets/home.self-19a187bec6cdb96d6de80a61c16c857c613536adf9138476bd367db38d282635.js?body=1" for ::1 at 2016-07-01 13:27:11 -0700


Started GET "/assets/application.self-f8806224e027f3e3f0138ea9ce99319e298dfdb323304d1f1be6eae8e8c74724.js?body=1" for ::1 at 2016-07-01 13:27:11 -0700


Started GET "/" for ::1 at 2016-07-01 13:27:22 -0700
Processing by HomeController#index as */*
  Rendered home/index.html.erb within layouts/application (0.5ms)
Completed 200 OK in 26ms (Views: 26.2ms | ActiveRecord: 0.0ms)


Started GET "/" for ::1 at 2016-07-01 13:27:40 -0700
Processing by HomeController#index as */*
  Rendered home/index.html.erb within layouts/application (0.5ms)
Completed 200 OK in 25ms (Views: 25.1ms | ActiveRecord: 0.0ms)


Started GET "/" for ::1 at 2016-07-01 13:27:46 -0700
Processing by HomeController#index as */*
  Rendered home/index.html.erb within layouts/application (0.7ms)
Completed 200 OK in 27ms (Views: 26.4ms | ActiveRecord: 0.0ms)


Started GET "/" for ::1 at 2016-07-01 13:27:55 -0700
Processing by HomeController#index as */*
  Rendered home/index.html.erb within layouts/application (0.4ms)
Completed 200 OK in 25ms (Views: 24.7ms | ActiveRecord: 0.0ms)


Started GET "/" for ::1 at 2016-07-01 13:27:56 -0700
Processing by HomeController#index as */*
  Rendered home/index.html.erb within layouts/application (0.2ms)
Completed 200 OK in 26ms (Views: 25.9ms | ActiveRecord: 0.0ms)


Started GET "/" for ::1 at 2016-07-01 13:28:00 -0700
Processing by HomeController#index as */*
  Rendered home/index.html.erb within layouts/application (0.9ms)
Completed 500 Internal Server Error in 13ms (ActiveRecord: 0.0ms)

SyntaxError (/Users/ttrojan/Desktop/react-rails/app/views/home/index.html.erb:8: syntax error, unexpected tSYMBEG, expecting keyword_do or '{' or '('
...ponent('NewMain', { prerender :true }) );@output_buffer.safe...
...                               ^
/Users/ttrojan/Desktop/react-rails/app/views/home/index.html.erb:11: syntax error, unexpected keyword_ensure, expecting ')'
/Users/ttrojan/Desktop/react-rails/app/views/home/index.html.erb:13: syntax error, unexpected keyword_end, expecting ')'):
  app/views/home/index.html.erb:8: syntax error, unexpected tSYMBEG, expecting keyword_do or '{' or '('
  app/views/home/index.html.erb:11: syntax error, unexpected keyword_ensure, expecting ')'
  app/views/home/index.html.erb:13: syntax error, unexpected keyword_end, expecting ')'


  Rendered /Users/ttrojan/.rbenv/versions/2.2.4/lib/ruby/gems/2.2.0/gems/actionpack-4.2.6/lib/action_dispatch/middleware/templates/rescues/_source.erb (7.1ms)
  Rendered /Users/ttrojan/.rbenv/versions/2.2.4/lib/ruby/gems/2.2.0/gems/actionpack-4.2.6/lib/action_dispatch/middleware/templates/rescues/_trace.html.erb (2.7ms)
  Rendered /Users/ttrojan/.rbenv/versions/2.2.4/lib/ruby/gems/2.2.0/gems/actionpack-4.2.6/lib/action_dispatch/middleware/templates/rescues/_request_and_response.html.erb (0.8ms)
  Rendered /Users/ttrojan/.rbenv/versions/2.2.4/lib/ruby/gems/2.2.0/gems/actionpack-4.2.6/lib/action_dispatch/middleware/templates/rescues/diagnostics.html.erb within rescues/layout (67.0ms)
  Rendered /Users/ttrojan/.rbenv/versions/2.2.4/lib/ruby/gems/2.2.0/gems/web-console-2.3.0/lib/web_console/templates/_markup.html.erb (0.3ms)
  Rendered /Users/ttrojan/.rbenv/versions/2.2.4/lib/ruby/gems/2.2.0/gems/web-console-2.3.0/lib/web_console/templates/_inner_console_markup.html.erb within layouts/inlined_string (0.3ms)
  Rendered /Users/ttrojan/.rbenv/versions/2.2.4/lib/ruby/gems/2.2.0/gems/web-console-2.3.0/lib/web_console/templates/_prompt_box_markup.html.erb within layouts/inlined_string (0.2ms)
  Rendered /Users/ttrojan/.rbenv/versions/2.2.4/lib/ruby/gems/2.2.0/gems/web-console-2.3.0/lib/web_console/templates/style.css.erb within layouts/inlined_string (0.3ms)
  Rendered /Users/ttrojan/.rbenv/versions/2.2.4/lib/ruby/gems/2.2.0/gems/web-console-2.3.0/lib/web_console/templates/console.js.erb within layouts/javascript (63.3ms)
  Rendered /Users/ttrojan/.rbenv/versions/2.2.4/lib/ruby/gems/2.2.0/gems/web-console-2.3.0/lib/web_console/templates/main.js.erb within layouts/javascript (0.2ms)
  Rendered /Users/ttrojan/.rbenv/versions/2.2.4/lib/ruby/gems/2.2.0/gems/web-console-2.3.0/lib/web_console/templates/error_page.js.erb within layouts/javascript (0.3ms)
  Rendered /Users/ttrojan/.rbenv/versions/2.2.4/lib/ruby/gems/2.2.0/gems/web-console-2.3.0/lib/web_console/templates/index.html.erb (131.0ms)


Started GET "/" for ::1 at 2016-07-01 13:28:05 -0700
Processing by HomeController#index as HTML
  Rendered home/index.html.erb within layouts/application (0.9ms)
Completed 500 Internal Server Error in 5ms (ActiveRecord: 0.0ms)

SyntaxError (/Users/ttrojan/Desktop/react-rails/app/views/home/index.html.erb:8: syntax error, unexpected tSYMBEG, expecting keyword_do or '{' or '('
...ponent('NewMain', { prerender :true }) );@output_buffer.safe...
...                               ^
/Users/ttrojan/Desktop/react-rails/app/views/home/index.html.erb:11: syntax error, unexpected keyword_ensure, expecting ')'
/Users/ttrojan/Desktop/react-rails/app/views/home/index.html.erb:13: syntax error, unexpected keyword_end, expecting ')'):
  app/views/home/index.html.erb:8: syntax error, unexpected tSYMBEG, expecting keyword_do or '{' or '('
  app/views/home/index.html.erb:11: syntax error, unexpected keyword_ensure, expecting ')'
  app/views/home/index.html.erb:13: syntax error, unexpected keyword_end, expecting ')'


  Rendered /Users/ttrojan/.rbenv/versions/2.2.4/lib/ruby/gems/2.2.0/gems/actionpack-4.2.6/lib/action_dispatch/middleware/templates/rescues/_source.erb (8.4ms)
  Rendered /Users/ttrojan/.rbenv/versions/2.2.4/lib/ruby/gems/2.2.0/gems/actionpack-4.2.6/lib/action_dispatch/middleware/templates/rescues/_trace.html.erb (3.1ms)
  Rendered /Users/ttrojan/.rbenv/versions/2.2.4/lib/ruby/gems/2.2.0/gems/actionpack-4.2.6/lib/action_dispatch/middleware/templates/rescues/_request_and_response.html.erb (1.1ms)
  Rendered /Users/ttrojan/.rbenv/versions/2.2.4/lib/ruby/gems/2.2.0/gems/actionpack-4.2.6/lib/action_dispatch/middleware/templates/rescues/diagnostics.html.erb within rescues/layout (69.3ms)
  Rendered /Users/ttrojan/.rbenv/versions/2.2.4/lib/ruby/gems/2.2.0/gems/web-console-2.3.0/lib/web_console/templates/_markup.html.erb (0.4ms)
  Rendered /Users/ttrojan/.rbenv/versions/2.2.4/lib/ruby/gems/2.2.0/gems/web-console-2.3.0/lib/web_console/templates/_inner_console_markup.html.erb within layouts/inlined_string (0.3ms)
  Rendered /Users/ttrojan/.rbenv/versions/2.2.4/lib/ruby/gems/2.2.0/gems/web-console-2.3.0/lib/web_console/templates/_prompt_box_markup.html.erb within layouts/inlined_string (0.2ms)
  Rendered /Users/ttrojan/.rbenv/versions/2.2.4/lib/ruby/gems/2.2.0/gems/web-console-2.3.0/lib/web_console/templates/style.css.erb within layouts/inlined_string (0.3ms)
  Rendered /Users/ttrojan/.rbenv/versions/2.2.4/lib/ruby/gems/2.2.0/gems/web-console-2.3.0/lib/web_console/templates/console.js.erb within layouts/javascript (55.9ms)
  Rendered /Users/ttrojan/.rbenv/versions/2.2.4/lib/ruby/gems/2.2.0/gems/web-console-2.3.0/lib/web_console/templates/main.js.erb within layouts/javascript (0.2ms)
  Rendered /Users/ttrojan/.rbenv/versions/2.2.4/lib/ruby/gems/2.2.0/gems/web-console-2.3.0/lib/web_console/templates/error_page.js.erb within layouts/javascript (0.3ms)
  Rendered /Users/ttrojan/.rbenv/versions/2.2.4/lib/ruby/gems/2.2.0/gems/web-console-2.3.0/lib/web_console/templates/index.html.erb (124.6ms)


Started GET "/" for ::1 at 2016-07-01 13:28:16 -0700
Processing by HomeController#index as */*
  Rendered home/index.html.erb within layouts/application (16.3ms)
Completed 500 Internal Server Error in 29ms (ActiveRecord: 0.0ms)

ActionView::Template::Error (undefined local variable or method `prerender' for #<#<Class:0x007fe0438bb408>:0x007fe042dd06d8>):
    5: 
    6: 
    7: <%# This makes it SEO friendly %>
    8: <%= react_component('NewMain', { prerender => true }) %>
  app/views/home/index.html.erb:8:in `_app_views_home_index_html_erb___3332679503993937532_70300585579960'


  Rendered /Users/ttrojan/.rbenv/versions/2.2.4/lib/ruby/gems/2.2.0/gems/actionpack-4.2.6/lib/action_dispatch/middleware/templates/rescues/_source.erb (8.0ms)
  Rendered /Users/ttrojan/.rbenv/versions/2.2.4/lib/ruby/gems/2.2.0/gems/actionpack-4.2.6/lib/action_dispatch/middleware/templates/rescues/_trace.html.erb (2.6ms)
  Rendered /Users/ttrojan/.rbenv/versions/2.2.4/lib/ruby/gems/2.2.0/gems/actionpack-4.2.6/lib/action_dispatch/middleware/templates/rescues/_request_and_response.html.erb (0.8ms)
  Rendered /Users/ttrojan/.rbenv/versions/2.2.4/lib/ruby/gems/2.2.0/gems/actionpack-4.2.6/lib/action_dispatch/middleware/templates/rescues/template_error.html.erb within rescues/layout (67.8ms)
  Rendered /Users/ttrojan/.rbenv/versions/2.2.4/lib/ruby/gems/2.2.0/gems/web-console-2.3.0/lib/web_console/templates/_markup.html.erb (0.3ms)
  Rendered /Users/ttrojan/.rbenv/versions/2.2.4/lib/ruby/gems/2.2.0/gems/web-console-2.3.0/lib/web_console/templates/_inner_console_markup.html.erb within layouts/inlined_string (0.2ms)
  Rendered /Users/ttrojan/.rbenv/versions/2.2.4/lib/ruby/gems/2.2.0/gems/web-console-2.3.0/lib/web_console/templates/_prompt_box_markup.html.erb within layouts/inlined_string (0.2ms)
  Rendered /Users/ttrojan/.rbenv/versions/2.2.4/lib/ruby/gems/2.2.0/gems/web-console-2.3.0/lib/web_console/templates/style.css.erb within layouts/inlined_string (0.2ms)
  Rendered /Users/ttrojan/.rbenv/versions/2.2.4/lib/ruby/gems/2.2.0/gems/web-console-2.3.0/lib/web_console/templates/console.js.erb within layouts/javascript (55.4ms)
  Rendered /Users/ttrojan/.rbenv/versions/2.2.4/lib/ruby/gems/2.2.0/gems/web-console-2.3.0/lib/web_console/templates/main.js.erb within layouts/javascript (0.2ms)
  Rendered /Users/ttrojan/.rbenv/versions/2.2.4/lib/ruby/gems/2.2.0/gems/web-console-2.3.0/lib/web_console/templates/error_page.js.erb within layouts/javascript (0.3ms)
  Rendered /Users/ttrojan/.rbenv/versions/2.2.4/lib/ruby/gems/2.2.0/gems/web-console-2.3.0/lib/web_console/templates/index.html.erb (123.0ms)


Started GET "/" for ::1 at 2016-07-01 13:28:22 -0700
Processing by HomeController#index as */*
  Rendered home/index.html.erb within layouts/application (0.5ms)
Completed 200 OK in 25ms (Views: 24.4ms | ActiveRecord: 0.0ms)


Started GET "/" for ::1 at 2016-07-01 13:28:38 -0700
Processing by HomeController#index as */*
  Rendered home/index.html.erb within layouts/application (0.9ms)
Completed 200 OK in 25ms (Views: 25.2ms | ActiveRecord: 0.0ms)


Started GET "/" for ::1 at 2016-07-01 13:29:15 -0700
Processing by HomeController#index as */*
  Rendered home/index.html.erb within layouts/application (1351.6ms)
Completed 500 Internal Server Error in 1363ms (ActiveRecord: 0.0ms)

ActionView::Template::Error (ReferenceError: $ is not defined):
    5: 
    6: 
    7: <%# This makes it SEO friendly %>
    8: <%= react_component('NewMain', {}, { prerender: true } ) %>
  app/views/home/index.html.erb:8:in `_app_views_home_index_html_erb___3332679503993937532_70300605816240'


  Rendered /Users/ttrojan/.rbenv/versions/2.2.4/lib/ruby/gems/2.2.0/gems/actionpack-4.2.6/lib/action_dispatch/middleware/templates/rescues/_source.erb (9.9ms)
  Rendered /Users/ttrojan/.rbenv/versions/2.2.4/lib/ruby/gems/2.2.0/gems/actionpack-4.2.6/lib/action_dispatch/middleware/templates/rescues/_trace.html.erb (4.5ms)
  Rendered /Users/ttrojan/.rbenv/versions/2.2.4/lib/ruby/gems/2.2.0/gems/actionpack-4.2.6/lib/action_dispatch/middleware/templates/rescues/_request_and_response.html.erb (1.2ms)
  Rendered /Users/ttrojan/.rbenv/versions/2.2.4/lib/ruby/gems/2.2.0/gems/actionpack-4.2.6/lib/action_dispatch/middleware/templates/rescues/template_error.html.erb within rescues/layout (74.5ms)
  Rendered /Users/ttrojan/.rbenv/versions/2.2.4/lib/ruby/gems/2.2.0/gems/web-console-2.3.0/lib/web_console/templates/_markup.html.erb (0.4ms)
  Rendered /Users/ttrojan/.rbenv/versions/2.2.4/lib/ruby/gems/2.2.0/gems/web-console-2.3.0/lib/web_console/templates/_inner_console_markup.html.erb within layouts/inlined_string (0.3ms)
  Rendered /Users/ttrojan/.rbenv/versions/2.2.4/lib/ruby/gems/2.2.0/gems/web-console-2.3.0/lib/web_console/templates/_prompt_box_markup.html.erb within layouts/inlined_string (0.3ms)
  Rendered /Users/ttrojan/.rbenv/versions/2.2.4/lib/ruby/gems/2.2.0/gems/web-console-2.3.0/lib/web_console/templates/style.css.erb within layouts/inlined_string (0.4ms)
  Rendered /Users/ttrojan/.rbenv/versions/2.2.4/lib/ruby/gems/2.2.0/gems/web-console-2.3.0/lib/web_console/templates/console.js.erb within layouts/javascript (58.6ms)
  Rendered /Users/ttrojan/.rbenv/versions/2.2.4/lib/ruby/gems/2.2.0/gems/web-console-2.3.0/lib/web_console/templates/main.js.erb within layouts/javascript (0.2ms)
  Rendered /Users/ttrojan/.rbenv/versions/2.2.4/lib/ruby/gems/2.2.0/gems/web-console-2.3.0/lib/web_console/templates/error_page.js.erb within layouts/javascript (0.5ms)
  Rendered /Users/ttrojan/.rbenv/versions/2.2.4/lib/ruby/gems/2.2.0/gems/web-console-2.3.0/lib/web_console/templates/index.html.erb (136.9ms)


Started GET "/" for ::1 at 2016-07-01 13:29:20 -0700
Processing by HomeController#index as HTML
  Rendered home/index.html.erb within layouts/application (240.6ms)
Completed 500 Internal Server Error in 245ms (ActiveRecord: 0.0ms)

ActionView::Template::Error (ReferenceError: $ is not defined):
    5: 
    6: 
    7: <%# This makes it SEO friendly %>
    8: <%= react_component('NewMain', {}, { prerender: true } ) %>
  app/views/home/index.html.erb:8:in `_app_views_home_index_html_erb___3332679503993937532_70300540244220'


  Rendered /Users/ttrojan/.rbenv/versions/2.2.4/lib/ruby/gems/2.2.0/gems/actionpack-4.2.6/lib/action_dispatch/middleware/templates/rescues/_source.erb (10.6ms)
  Rendered /Users/ttrojan/.rbenv/versions/2.2.4/lib/ruby/gems/2.2.0/gems/actionpack-4.2.6/lib/action_dispatch/middleware/templates/rescues/_trace.html.erb (3.9ms)
  Rendered /Users/ttrojan/.rbenv/versions/2.2.4/lib/ruby/gems/2.2.0/gems/actionpack-4.2.6/lib/action_dispatch/middleware/templates/rescues/_request_and_response.html.erb (1.3ms)
  Rendered /Users/ttrojan/.rbenv/versions/2.2.4/lib/ruby/gems/2.2.0/gems/actionpack-4.2.6/lib/action_dispatch/middleware/templates/rescues/template_error.html.erb within rescues/layout (80.1ms)
  Rendered /Users/ttrojan/.rbenv/versions/2.2.4/lib/ruby/gems/2.2.0/gems/web-console-2.3.0/lib/web_console/templates/_markup.html.erb (0.4ms)
  Rendered /Users/ttrojan/.rbenv/versions/2.2.4/lib/ruby/gems/2.2.0/gems/web-console-2.3.0/lib/web_console/templates/_inner_console_markup.html.erb within layouts/inlined_string (0.3ms)
  Rendered /Users/ttrojan/.rbenv/versions/2.2.4/lib/ruby/gems/2.2.0/gems/web-console-2.3.0/lib/web_console/templates/_prompt_box_markup.html.erb within layouts/inlined_string (0.3ms)
  Rendered /Users/ttrojan/.rbenv/versions/2.2.4/lib/ruby/gems/2.2.0/gems/web-console-2.3.0/lib/web_console/templates/style.css.erb within layouts/inlined_string (0.3ms)
  Rendered /Users/ttrojan/.rbenv/versions/2.2.4/lib/ruby/gems/2.2.0/gems/web-console-2.3.0/lib/web_console/templates/console.js.erb within layouts/javascript (55.7ms)
  Rendered /Users/ttrojan/.rbenv/versions/2.2.4/lib/ruby/gems/2.2.0/gems/web-console-2.3.0/lib/web_console/templates/main.js.erb within layouts/javascript (0.3ms)
  Rendered /Users/ttrojan/.rbenv/versions/2.2.4/lib/ruby/gems/2.2.0/gems/web-console-2.3.0/lib/web_console/templates/error_page.js.erb within layouts/javascript (0.4ms)
  Rendered /Users/ttrojan/.rbenv/versions/2.2.4/lib/ruby/gems/2.2.0/gems/web-console-2.3.0/lib/web_console/templates/index.html.erb (123.5ms)


Started POST "/__web_console/repl_sessions/92d957840cbc8fb220bd97b13be0ef46/trace" for ::1 at 2016-07-01 13:29:53 -0700


Started GET "/" for ::1 at 2016-07-01 13:30:38 -0700
Processing by HomeController#index as */*
  Rendered home/index.html.erb within layouts/application (1.1ms)
Completed 500 Internal Server Error in 13ms (ActiveRecord: 0.0ms)

SyntaxError (/Users/ttrojan/Desktop/react-rails/app/views/home/index.html.erb:8: syntax error, unexpected '}', expecting =>
...t('NewMain', {}, { :prerender } ) );@output_buffer.safe_appe...
...                               ^
/Users/ttrojan/Desktop/react-rails/app/views/home/index.html.erb:11: syntax error, unexpected keyword_ensure, expecting ')'
/Users/ttrojan/Desktop/react-rails/app/views/home/index.html.erb:13: syntax error, unexpected keyword_end, expecting ')'):
  app/views/home/index.html.erb:8: syntax error, unexpected '}', expecting =>
  app/views/home/index.html.erb:11: syntax error, unexpected keyword_ensure, expecting ')'
  app/views/home/index.html.erb:13: syntax error, unexpected keyword_end, expecting ')'


  Rendered /Users/ttrojan/.rbenv/versions/2.2.4/lib/ruby/gems/2.2.0/gems/actionpack-4.2.6/lib/action_dispatch/middleware/templates/rescues/_source.erb (10.2ms)
  Rendered /Users/ttrojan/.rbenv/versions/2.2.4/lib/ruby/gems/2.2.0/gems/actionpack-4.2.6/lib/action_dispatch/middleware/templates/rescues/_trace.html.erb (4.8ms)
  Rendered /Users/ttrojan/.rbenv/versions/2.2.4/lib/ruby/gems/2.2.0/gems/actionpack-4.2.6/lib/action_dispatch/middleware/templates/rescues/_request_and_response.html.erb (1.3ms)
  Rendered /Users/ttrojan/.rbenv/versions/2.2.4/lib/ruby/gems/2.2.0/gems/actionpack-4.2.6/lib/action_dispatch/middleware/templates/rescues/diagnostics.html.erb within rescues/layout (74.6ms)
  Rendered /Users/ttrojan/.rbenv/versions/2.2.4/lib/ruby/gems/2.2.0/gems/web-console-2.3.0/lib/web_console/templates/_markup.html.erb (0.5ms)
  Rendered /Users/ttrojan/.rbenv/versions/2.2.4/lib/ruby/gems/2.2.0/gems/web-console-2.3.0/lib/web_console/templates/_inner_console_markup.html.erb within layouts/inlined_string (0.5ms)
  Rendered /Users/ttrojan/.rbenv/versions/2.2.4/lib/ruby/gems/2.2.0/gems/web-console-2.3.0/lib/web_console/templates/_prompt_box_markup.html.erb within layouts/inlined_string (0.4ms)
  Rendered /Users/ttrojan/.rbenv/versions/2.2.4/lib/ruby/gems/2.2.0/gems/web-console-2.3.0/lib/web_console/templates/style.css.erb within layouts/inlined_string (0.3ms)
  Rendered /Users/ttrojan/.rbenv/versions/2.2.4/lib/ruby/gems/2.2.0/gems/web-console-2.3.0/lib/web_console/templates/console.js.erb within layouts/javascript (56.9ms)
  Rendered /Users/ttrojan/.rbenv/versions/2.2.4/lib/ruby/gems/2.2.0/gems/web-console-2.3.0/lib/web_console/templates/main.js.erb within layouts/javascript (0.5ms)
  Rendered /Users/ttrojan/.rbenv/versions/2.2.4/lib/ruby/gems/2.2.0/gems/web-console-2.3.0/lib/web_console/templates/error_page.js.erb within layouts/javascript (0.3ms)
  Rendered /Users/ttrojan/.rbenv/versions/2.2.4/lib/ruby/gems/2.2.0/gems/web-console-2.3.0/lib/web_console/templates/index.html.erb (126.1ms)


Started GET "/" for ::1 at 2016-07-01 13:30:40 -0700
Processing by HomeController#index as */*
  Rendered home/index.html.erb within layouts/application (1.4ms)
Completed 500 Internal Server Error in 13ms (ActiveRecord: 0.0ms)

SyntaxError (/Users/ttrojan/Desktop/react-rails/app/views/home/index.html.erb:8: syntax error, unexpected '}', expecting =>
...t('NewMain', {}, { :prerender } ) );@output_buffer.safe_appe...
...                               ^
/Users/ttrojan/Desktop/react-rails/app/views/home/index.html.erb:11: syntax error, unexpected keyword_ensure, expecting ')'
/Users/ttrojan/Desktop/react-rails/app/views/home/index.html.erb:13: syntax error, unexpected keyword_end, expecting ')'):
  app/views/home/index.html.erb:8: syntax error, unexpected '}', expecting =>
  app/views/home/index.html.erb:11: syntax error, unexpected keyword_ensure, expecting ')'
  app/views/home/index.html.erb:13: syntax error, unexpected keyword_end, expecting ')'


  Rendered /Users/ttrojan/.rbenv/versions/2.2.4/lib/ruby/gems/2.2.0/gems/actionpack-4.2.6/lib/action_dispatch/middleware/templates/rescues/_source.erb (8.0ms)
  Rendered /Users/ttrojan/.rbenv/versions/2.2.4/lib/ruby/gems/2.2.0/gems/actionpack-4.2.6/lib/action_dispatch/middleware/templates/rescues/_trace.html.erb (3.3ms)
  Rendered /Users/ttrojan/.rbenv/versions/2.2.4/lib/ruby/gems/2.2.0/gems/actionpack-4.2.6/lib/action_dispatch/middleware/templates/rescues/_request_and_response.html.erb (1.0ms)
  Rendered /Users/ttrojan/.rbenv/versions/2.2.4/lib/ruby/gems/2.2.0/gems/actionpack-4.2.6/lib/action_dispatch/middleware/templates/rescues/diagnostics.html.erb within rescues/layout (70.3ms)
  Rendered /Users/ttrojan/.rbenv/versions/2.2.4/lib/ruby/gems/2.2.0/gems/web-console-2.3.0/lib/web_console/templates/_markup.html.erb (0.3ms)
  Rendered /Users/ttrojan/.rbenv/versions/2.2.4/lib/ruby/gems/2.2.0/gems/web-console-2.3.0/lib/web_console/templates/_inner_console_markup.html.erb within layouts/inlined_string (0.2ms)
  Rendered /Users/ttrojan/.rbenv/versions/2.2.4/lib/ruby/gems/2.2.0/gems/web-console-2.3.0/lib/web_console/templates/_prompt_box_markup.html.erb within layouts/inlined_string (0.2ms)
  Rendered /Users/ttrojan/.rbenv/versions/2.2.4/lib/ruby/gems/2.2.0/gems/web-console-2.3.0/lib/web_console/templates/style.css.erb within layouts/inlined_string (0.3ms)
  Rendered /Users/ttrojan/.rbenv/versions/2.2.4/lib/ruby/gems/2.2.0/gems/web-console-2.3.0/lib/web_console/templates/console.js.erb within layouts/javascript (56.0ms)
  Rendered /Users/ttrojan/.rbenv/versions/2.2.4/lib/ruby/gems/2.2.0/gems/web-console-2.3.0/lib/web_console/templates/main.js.erb within layouts/javascript (0.2ms)
  Rendered /Users/ttrojan/.rbenv/versions/2.2.4/lib/ruby/gems/2.2.0/gems/web-console-2.3.0/lib/web_console/templates/error_page.js.erb within layouts/javascript (0.3ms)
  Rendered /Users/ttrojan/.rbenv/versions/2.2.4/lib/ruby/gems/2.2.0/gems/web-console-2.3.0/lib/web_console/templates/index.html.erb (123.7ms)


Started GET "/" for ::1 at 2016-07-01 13:30:46 -0700
Processing by HomeController#index as */*
  Rendered home/index.html.erb within layouts/application (1.0ms)
Completed 500 Internal Server Error in 13ms (ActiveRecord: 0.0ms)

SyntaxError (/Users/ttrojan/Desktop/react-rails/app/views/home/index.html.erb:8: syntax error, unexpected '}', expecting =>
...nt('NewMain', {}, { prerender } ) );@output_buffer.safe_appe...
...                               ^
/Users/ttrojan/Desktop/react-rails/app/views/home/index.html.erb:11: syntax error, unexpected keyword_ensure, expecting ')'
/Users/ttrojan/Desktop/react-rails/app/views/home/index.html.erb:13: syntax error, unexpected keyword_end, expecting ')'):
  app/views/home/index.html.erb:8: syntax error, unexpected '}', expecting =>
  app/views/home/index.html.erb:11: syntax error, unexpected keyword_ensure, expecting ')'
  app/views/home/index.html.erb:13: syntax error, unexpected keyword_end, expecting ')'


  Rendered /Users/ttrojan/.rbenv/versions/2.2.4/lib/ruby/gems/2.2.0/gems/actionpack-4.2.6/lib/action_dispatch/middleware/templates/rescues/_source.erb (8.2ms)
  Rendered /Users/ttrojan/.rbenv/versions/2.2.4/lib/ruby/gems/2.2.0/gems/actionpack-4.2.6/lib/action_dispatch/middleware/templates/rescues/_trace.html.erb (3.2ms)
  Rendered /Users/ttrojan/.rbenv/versions/2.2.4/lib/ruby/gems/2.2.0/gems/actionpack-4.2.6/lib/action_dispatch/middleware/templates/rescues/_request_and_response.html.erb (1.0ms)
  Rendered /Users/ttrojan/.rbenv/versions/2.2.4/lib/ruby/gems/2.2.0/gems/actionpack-4.2.6/lib/action_dispatch/middleware/templates/rescues/diagnostics.html.erb within rescues/layout (69.9ms)
  Rendered /Users/ttrojan/.rbenv/versions/2.2.4/lib/ruby/gems/2.2.0/gems/web-console-2.3.0/lib/web_console/templates/_markup.html.erb (0.3ms)
  Rendered /Users/ttrojan/.rbenv/versions/2.2.4/lib/ruby/gems/2.2.0/gems/web-console-2.3.0/lib/web_console/templates/_inner_console_markup.html.erb within layouts/inlined_string (0.3ms)
  Rendered /Users/ttrojan/.rbenv/versions/2.2.4/lib/ruby/gems/2.2.0/gems/web-console-2.3.0/lib/web_console/templates/_prompt_box_markup.html.erb within layouts/inlined_string (0.2ms)
  Rendered /Users/ttrojan/.rbenv/versions/2.2.4/lib/ruby/gems/2.2.0/gems/web-console-2.3.0/lib/web_console/templates/style.css.erb within layouts/inlined_string (0.3ms)
  Rendered /Users/ttrojan/.rbenv/versions/2.2.4/lib/ruby/gems/2.2.0/gems/web-console-2.3.0/lib/web_console/templates/console.js.erb within layouts/javascript (55.1ms)
  Rendered /Users/ttrojan/.rbenv/versions/2.2.4/lib/ruby/gems/2.2.0/gems/web-console-2.3.0/lib/web_console/templates/main.js.erb within layouts/javascript (0.2ms)
  Rendered /Users/ttrojan/.rbenv/versions/2.2.4/lib/ruby/gems/2.2.0/gems/web-console-2.3.0/lib/web_console/templates/error_page.js.erb within layouts/javascript (0.3ms)
  Rendered /Users/ttrojan/.rbenv/versions/2.2.4/lib/ruby/gems/2.2.0/gems/web-console-2.3.0/lib/web_console/templates/index.html.erb (122.9ms)


Started GET "/" for ::1 at 2016-07-01 13:30:54 -0700
Processing by HomeController#index as */*
  Rendered home/index.html.erb within layouts/application (252.5ms)
Completed 500 Internal Server Error in 264ms (ActiveRecord: 0.0ms)

ActionView::Template::Error (ReferenceError: $ is not defined):
    5: 
    6: 
    7: <%# This makes it SEO friendly %>
    8: <%= react_component('NewMain', {}, { prerender: true } ) %>
  app/views/home/index.html.erb:8:in `_app_views_home_index_html_erb___3332679503993937532_70300591576660'


  Rendered /Users/ttrojan/.rbenv/versions/2.2.4/lib/ruby/gems/2.2.0/gems/actionpack-4.2.6/lib/action_dispatch/middleware/templates/rescues/_source.erb (8.6ms)
  Rendered /Users/ttrojan/.rbenv/versions/2.2.4/lib/ruby/gems/2.2.0/gems/actionpack-4.2.6/lib/action_dispatch/middleware/templates/rescues/_trace.html.erb (3.3ms)
  Rendered /Users/ttrojan/.rbenv/versions/2.2.4/lib/ruby/gems/2.2.0/gems/actionpack-4.2.6/lib/action_dispatch/middleware/templates/rescues/_request_and_response.html.erb (0.9ms)
  Rendered /Users/ttrojan/.rbenv/versions/2.2.4/lib/ruby/gems/2.2.0/gems/actionpack-4.2.6/lib/action_dispatch/middleware/templates/rescues/template_error.html.erb within rescues/layout (69.2ms)
  Rendered /Users/ttrojan/.rbenv/versions/2.2.4/lib/ruby/gems/2.2.0/gems/web-console-2.3.0/lib/web_console/templates/_markup.html.erb (0.3ms)
  Rendered /Users/ttrojan/.rbenv/versions/2.2.4/lib/ruby/gems/2.2.0/gems/web-console-2.3.0/lib/web_console/templates/_inner_console_markup.html.erb within layouts/inlined_string (0.2ms)
  Rendered /Users/ttrojan/.rbenv/versions/2.2.4/lib/ruby/gems/2.2.0/gems/web-console-2.3.0/lib/web_console/templates/_prompt_box_markup.html.erb within layouts/inlined_string (0.2ms)
  Rendered /Users/ttrojan/.rbenv/versions/2.2.4/lib/ruby/gems/2.2.0/gems/web-console-2.3.0/lib/web_console/templates/style.css.erb within layouts/inlined_string (0.3ms)
  Rendered /Users/ttrojan/.rbenv/versions/2.2.4/lib/ruby/gems/2.2.0/gems/web-console-2.3.0/lib/web_console/templates/console.js.erb within layouts/javascript (55.6ms)
  Rendered /Users/ttrojan/.rbenv/versions/2.2.4/lib/ruby/gems/2.2.0/gems/web-console-2.3.0/lib/web_console/templates/main.js.erb within layouts/javascript (0.2ms)
  Rendered /Users/ttrojan/.rbenv/versions/2.2.4/lib/ruby/gems/2.2.0/gems/web-console-2.3.0/lib/web_console/templates/error_page.js.erb within layouts/javascript (0.3ms)
  Rendered /Users/ttrojan/.rbenv/versions/2.2.4/lib/ruby/gems/2.2.0/gems/web-console-2.3.0/lib/web_console/templates/index.html.erb (123.1ms)


Started GET "/" for ::1 at 2016-07-01 13:30:57 -0700
Processing by HomeController#index as */*
  Rendered home/index.html.erb within layouts/application (248.7ms)
Completed 500 Internal Server Error in 260ms (ActiveRecord: 0.0ms)

ActionView::Template::Error (ReferenceError: $ is not defined):
    5: 
    6: 
    7: <%# This makes it SEO friendly %>
    8: <%= react_component('NewMain', {}, { prerender: true } ) %>
  app/views/home/index.html.erb:8:in `_app_views_home_index_html_erb___3332679503993937532_70300591576660'


  Rendered /Users/ttrojan/.rbenv/versions/2.2.4/lib/ruby/gems/2.2.0/gems/actionpack-4.2.6/lib/action_dispatch/middleware/templates/rescues/_source.erb (9.7ms)
  Rendered /Users/ttrojan/.rbenv/versions/2.2.4/lib/ruby/gems/2.2.0/gems/actionpack-4.2.6/lib/action_dispatch/middleware/templates/rescues/_trace.html.erb (3.8ms)
  Rendered /Users/ttrojan/.rbenv/versions/2.2.4/lib/ruby/gems/2.2.0/gems/actionpack-4.2.6/lib/action_dispatch/middleware/templates/rescues/_request_and_response.html.erb (1.0ms)
  Rendered /Users/ttrojan/.rbenv/versions/2.2.4/lib/ruby/gems/2.2.0/gems/actionpack-4.2.6/lib/action_dispatch/middleware/templates/rescues/template_error.html.erb within rescues/layout (71.5ms)
  Rendered /Users/ttrojan/.rbenv/versions/2.2.4/lib/ruby/gems/2.2.0/gems/web-console-2.3.0/lib/web_console/templates/_markup.html.erb (0.3ms)
  Rendered /Users/ttrojan/.rbenv/versions/2.2.4/lib/ruby/gems/2.2.0/gems/web-console-2.3.0/lib/web_console/templates/_inner_console_markup.html.erb within layouts/inlined_string (0.2ms)
  Rendered /Users/ttrojan/.rbenv/versions/2.2.4/lib/ruby/gems/2.2.0/gems/web-console-2.3.0/lib/web_console/templates/_prompt_box_markup.html.erb within layouts/inlined_string (0.2ms)
  Rendered /Users/ttrojan/.rbenv/versions/2.2.4/lib/ruby/gems/2.2.0/gems/web-console-2.3.0/lib/web_console/templates/style.css.erb within layouts/inlined_string (0.3ms)
  Rendered /Users/ttrojan/.rbenv/versions/2.2.4/lib/ruby/gems/2.2.0/gems/web-console-2.3.0/lib/web_console/templates/console.js.erb within layouts/javascript (55.7ms)
  Rendered /Users/ttrojan/.rbenv/versions/2.2.4/lib/ruby/gems/2.2.0/gems/web-console-2.3.0/lib/web_console/templates/main.js.erb within layouts/javascript (0.2ms)
  Rendered /Users/ttrojan/.rbenv/versions/2.2.4/lib/ruby/gems/2.2.0/gems/web-console-2.3.0/lib/web_console/templates/error_page.js.erb within layouts/javascript (0.3ms)
  Rendered /Users/ttrojan/.rbenv/versions/2.2.4/lib/ruby/gems/2.2.0/gems/web-console-2.3.0/lib/web_console/templates/index.html.erb (123.2ms)


Started GET "/" for ::1 at 2016-07-01 13:31:07 -0700
Processing by HomeController#index as HTML
  Rendered home/index.html.erb within layouts/application (244.0ms)
Completed 500 Internal Server Error in 248ms (ActiveRecord: 0.0ms)

ActionView::Template::Error (ReferenceError: $ is not defined):
    5: 
    6: 
    7: <%# This makes it SEO friendly %>
    8: <%= react_component('NewMain', {}, { prerender: true } ) %>
  app/views/home/index.html.erb:8:in `_app_views_home_index_html_erb___3332679503993937532_70300531785960'


  Rendered /Users/ttrojan/.rbenv/versions/2.2.4/lib/ruby/gems/2.2.0/gems/actionpack-4.2.6/lib/action_dispatch/middleware/templates/rescues/_source.erb (11.0ms)
  Rendered /Users/ttrojan/.rbenv/versions/2.2.4/lib/ruby/gems/2.2.0/gems/actionpack-4.2.6/lib/action_dispatch/middleware/templates/rescues/_trace.html.erb (5.1ms)
  Rendered /Users/ttrojan/.rbenv/versions/2.2.4/lib/ruby/gems/2.2.0/gems/actionpack-4.2.6/lib/action_dispatch/middleware/templates/rescues/_request_and_response.html.erb (1.1ms)
  Rendered /Users/ttrojan/.rbenv/versions/2.2.4/lib/ruby/gems/2.2.0/gems/actionpack-4.2.6/lib/action_dispatch/middleware/templates/rescues/template_error.html.erb within rescues/layout (75.1ms)
  Rendered /Users/ttrojan/.rbenv/versions/2.2.4/lib/ruby/gems/2.2.0/gems/web-console-2.3.0/lib/web_console/templates/_markup.html.erb (0.3ms)
  Rendered /Users/ttrojan/.rbenv/versions/2.2.4/lib/ruby/gems/2.2.0/gems/web-console-2.3.0/lib/web_console/templates/_inner_console_markup.html.erb within layouts/inlined_string (0.2ms)
  Rendered /Users/ttrojan/.rbenv/versions/2.2.4/lib/ruby/gems/2.2.0/gems/web-console-2.3.0/lib/web_console/templates/_prompt_box_markup.html.erb within layouts/inlined_string (0.2ms)
  Rendered /Users/ttrojan/.rbenv/versions/2.2.4/lib/ruby/gems/2.2.0/gems/web-console-2.3.0/lib/web_console/templates/style.css.erb within layouts/inlined_string (0.3ms)
  Rendered /Users/ttrojan/.rbenv/versions/2.2.4/lib/ruby/gems/2.2.0/gems/web-console-2.3.0/lib/web_console/templates/console.js.erb within layouts/javascript (56.8ms)
  Rendered /Users/ttrojan/.rbenv/versions/2.2.4/lib/ruby/gems/2.2.0/gems/web-console-2.3.0/lib/web_console/templates/main.js.erb within layouts/javascript (0.3ms)
  Rendered /Users/ttrojan/.rbenv/versions/2.2.4/lib/ruby/gems/2.2.0/gems/web-console-2.3.0/lib/web_console/templates/error_page.js.erb within layouts/javascript (0.3ms)
  Rendered /Users/ttrojan/.rbenv/versions/2.2.4/lib/ruby/gems/2.2.0/gems/web-console-2.3.0/lib/web_console/templates/index.html.erb (126.0ms)


Started GET "/" for ::1 at 2016-07-01 13:31:20 -0700
Processing by HomeController#index as HTML
  Rendered home/index.html.erb within layouts/application (0.5ms)
Completed 200 OK in 116ms (Views: 115.5ms | ActiveRecord: 0.0ms)


Started GET "/assets/home.self-e3b0c44298fc1c149afbf4c8996fb92427ae41e4649b934ca495991b7852b855.css?body=1" for ::1 at 2016-07-01 13:31:20 -0700


Started GET "/assets/application.self-e80e8f2318043e8af94dddc2adad5a4f09739a8ebb323b3ab31cd71d45fd9113.css?body=1" for ::1 at 2016-07-01 13:31:20 -0700


Started GET "/assets/jquery.self-660adc51e0224b731d29f575a6f1ec167ba08ad06ed5deca4f1e8654c135bf4c.js?body=1" for ::1 at 2016-07-01 13:31:20 -0700


Started GET "/assets/jquery_ujs.self-e87806d0cf4489aeb1bb7288016024e8de67fd18db693fe026fe3907581e53cd.js?body=1" for ::1 at 2016-07-01 13:31:20 -0700


Started GET "/assets/react_ujs.self-c42e5ee44bcda6910afca6fb40f99d9963074b3aefe72365ce90c24312e73b2b.js?body=1" for ::1 at 2016-07-01 13:31:20 -0700


Started GET "/assets/development/react.self-bf407d871f2396ec7dcba5eb91bd3f3955401699aef9b87f48b6e1694c24a078.js?body=1" for ::1 at 2016-07-01 13:31:20 -0700


Started GET "/assets/components.self-54be6214fd1cdb6939a851fa5c1752470ae6c89e91e19cb3849a63b255649111.js?body=1" for ::1 at 2016-07-01 13:31:20 -0700


Started GET "/assets/home.self-19a187bec6cdb96d6de80a61c16c857c613536adf9138476bd367db38d282635.js?body=1" for ::1 at 2016-07-01 13:31:20 -0700


Started GET "/assets/application.self-f8806224e027f3e3f0138ea9ce99319e298dfdb323304d1f1be6eae8e8c74724.js?body=1" for ::1 at 2016-07-01 13:31:20 -0700


Started GET "/" for ::1 at 2016-07-01 13:31:30 -0700
Processing by HomeController#index as HTML
  Rendered home/index.html.erb within layouts/application (0.1ms)
Completed 200 OK in 17ms (Views: 17.1ms | ActiveRecord: 0.0ms)


Started GET "/assets/application.self-e80e8f2318043e8af94dddc2adad5a4f09739a8ebb323b3ab31cd71d45fd9113.css?body=1" for ::1 at 2016-07-01 13:31:30 -0700


Started GET "/assets/jquery_ujs.self-e87806d0cf4489aeb1bb7288016024e8de67fd18db693fe026fe3907581e53cd.js?body=1" for ::1 at 2016-07-01 13:31:30 -0700


Started GET "/assets/development/react.self-bf407d871f2396ec7dcba5eb91bd3f3955401699aef9b87f48b6e1694c24a078.js?body=1" for ::1 at 2016-07-01 13:31:30 -0700


Started GET "/assets/home.self-e3b0c44298fc1c149afbf4c8996fb92427ae41e4649b934ca495991b7852b855.css?body=1" for ::1 at 2016-07-01 13:31:30 -0700


Started GET "/assets/react_ujs.self-c42e5ee44bcda6910afca6fb40f99d9963074b3aefe72365ce90c24312e73b2b.js?body=1" for ::1 at 2016-07-01 13:31:30 -0700


Started GET "/assets/jquery.self-660adc51e0224b731d29f575a6f1ec167ba08ad06ed5deca4f1e8654c135bf4c.js?body=1" for ::1 at 2016-07-01 13:31:30 -0700


Started GET "/assets/components.self-54be6214fd1cdb6939a851fa5c1752470ae6c89e91e19cb3849a63b255649111.js?body=1" for ::1 at 2016-07-01 13:31:30 -0700


Started GET "/assets/home.self-19a187bec6cdb96d6de80a61c16c857c613536adf9138476bd367db38d282635.js?body=1" for ::1 at 2016-07-01 13:31:30 -0700


Started GET "/assets/application.self-f8806224e027f3e3f0138ea9ce99319e298dfdb323304d1f1be6eae8e8c74724.js?body=1" for ::1 at 2016-07-01 13:31:30 -0700


Started GET "/" for ::1 at 2016-07-01 13:33:06 -0700
Processing by HomeController#index as */*
  Rendered home/index.html.erb within layouts/application (252.7ms)
Completed 500 Internal Server Error in 264ms (ActiveRecord: 0.0ms)

ActionView::Template::Error (ReferenceError: $ is not defined):
    5: 
    6: 
    7: <%# This makes it SEO friendly %>
    8: <%= react_component('NewMain', {}, prerender: true ) %>
  app/views/home/index.html.erb:8:in `_app_views_home_index_html_erb___3332679503993937532_70300604895740'


  Rendered /Users/ttrojan/.rbenv/versions/2.2.4/lib/ruby/gems/2.2.0/gems/actionpack-4.2.6/lib/action_dispatch/middleware/templates/rescues/_source.erb (10.2ms)
  Rendered /Users/ttrojan/.rbenv/versions/2.2.4/lib/ruby/gems/2.2.0/gems/actionpack-4.2.6/lib/action_dispatch/middleware/templates/rescues/_trace.html.erb (3.9ms)
  Rendered /Users/ttrojan/.rbenv/versions/2.2.4/lib/ruby/gems/2.2.0/gems/actionpack-4.2.6/lib/action_dispatch/middleware/templates/rescues/_request_and_response.html.erb (1.0ms)
  Rendered /Users/ttrojan/.rbenv/versions/2.2.4/lib/ruby/gems/2.2.0/gems/actionpack-4.2.6/lib/action_dispatch/middleware/templates/rescues/template_error.html.erb within rescues/layout (78.9ms)
  Rendered /Users/ttrojan/.rbenv/versions/2.2.4/lib/ruby/gems/2.2.0/gems/web-console-2.3.0/lib/web_console/templates/_markup.html.erb (0.3ms)
  Rendered /Users/ttrojan/.rbenv/versions/2.2.4/lib/ruby/gems/2.2.0/gems/web-console-2.3.0/lib/web_console/templates/_inner_console_markup.html.erb within layouts/inlined_string (0.3ms)
  Rendered /Users/ttrojan/.rbenv/versions/2.2.4/lib/ruby/gems/2.2.0/gems/web-console-2.3.0/lib/web_console/templates/_prompt_box_markup.html.erb within layouts/inlined_string (0.3ms)
  Rendered /Users/ttrojan/.rbenv/versions/2.2.4/lib/ruby/gems/2.2.0/gems/web-console-2.3.0/lib/web_console/templates/style.css.erb within layouts/inlined_string (0.3ms)
  Rendered /Users/ttrojan/.rbenv/versions/2.2.4/lib/ruby/gems/2.2.0/gems/web-console-2.3.0/lib/web_console/templates/console.js.erb within layouts/javascript (63.2ms)
  Rendered /Users/ttrojan/.rbenv/versions/2.2.4/lib/ruby/gems/2.2.0/gems/web-console-2.3.0/lib/web_console/templates/main.js.erb within layouts/javascript (0.3ms)
  Rendered /Users/ttrojan/.rbenv/versions/2.2.4/lib/ruby/gems/2.2.0/gems/web-console-2.3.0/lib/web_console/templates/error_page.js.erb within layouts/javascript (0.3ms)
  Rendered /Users/ttrojan/.rbenv/versions/2.2.4/lib/ruby/gems/2.2.0/gems/web-console-2.3.0/lib/web_console/templates/index.html.erb (139.2ms)


Started GET "/" for ::1 at 2016-07-01 13:33:40 -0700
Processing by HomeController#index as HTML
  Rendered home/index.html.erb within layouts/application (241.8ms)
Completed 500 Internal Server Error in 246ms (ActiveRecord: 0.0ms)

ActionView::Template::Error (ReferenceError: $ is not defined):
    5: 
    6: 
    7: <%# This makes it SEO friendly %>
    8: <%= react_component('NewMain', {}, prerender: true ) %>
  app/views/home/index.html.erb:8:in `_app_views_home_index_html_erb___3332679503993937532_70300613332740'


  Rendered /Users/ttrojan/.rbenv/versions/2.2.4/lib/ruby/gems/2.2.0/gems/actionpack-4.2.6/lib/action_dispatch/middleware/templates/rescues/_source.erb (10.4ms)
  Rendered /Users/ttrojan/.rbenv/versions/2.2.4/lib/ruby/gems/2.2.0/gems/actionpack-4.2.6/lib/action_dispatch/middleware/templates/rescues/_trace.html.erb (4.4ms)
  Rendered /Users/ttrojan/.rbenv/versions/2.2.4/lib/ruby/gems/2.2.0/gems/actionpack-4.2.6/lib/action_dispatch/middleware/templates/rescues/_request_and_response.html.erb (1.6ms)
  Rendered /Users/ttrojan/.rbenv/versions/2.2.4/lib/ruby/gems/2.2.0/gems/actionpack-4.2.6/lib/action_dispatch/middleware/templates/rescues/template_error.html.erb within rescues/layout (73.9ms)
  Rendered /Users/ttrojan/.rbenv/versions/2.2.4/lib/ruby/gems/2.2.0/gems/web-console-2.3.0/lib/web_console/templates/_markup.html.erb (0.4ms)
  Rendered /Users/ttrojan/.rbenv/versions/2.2.4/lib/ruby/gems/2.2.0/gems/web-console-2.3.0/lib/web_console/templates/_inner_console_markup.html.erb within layouts/inlined_string (0.3ms)
  Rendered /Users/ttrojan/.rbenv/versions/2.2.4/lib/ruby/gems/2.2.0/gems/web-console-2.3.0/lib/web_console/templates/_prompt_box_markup.html.erb within layouts/inlined_string (0.2ms)
  Rendered /Users/ttrojan/.rbenv/versions/2.2.4/lib/ruby/gems/2.2.0/gems/web-console-2.3.0/lib/web_console/templates/style.css.erb within layouts/inlined_string (0.3ms)
  Rendered /Users/ttrojan/.rbenv/versions/2.2.4/lib/ruby/gems/2.2.0/gems/web-console-2.3.0/lib/web_console/templates/console.js.erb within layouts/javascript (55.8ms)
  Rendered /Users/ttrojan/.rbenv/versions/2.2.4/lib/ruby/gems/2.2.0/gems/web-console-2.3.0/lib/web_console/templates/main.js.erb within layouts/javascript (0.2ms)
  Rendered /Users/ttrojan/.rbenv/versions/2.2.4/lib/ruby/gems/2.2.0/gems/web-console-2.3.0/lib/web_console/templates/error_page.js.erb within layouts/javascript (0.3ms)
  Rendered /Users/ttrojan/.rbenv/versions/2.2.4/lib/ruby/gems/2.2.0/gems/web-console-2.3.0/lib/web_console/templates/index.html.erb (124.2ms)


Started GET "/" for ::1 at 2016-07-01 13:34:29 -0700
Processing by HomeController#index as */*
  Rendered home/index.html.erb within layouts/application (0.6ms)
Completed 200 OK in 27ms (Views: 26.3ms | ActiveRecord: 0.0ms)


Started GET "/" for ::1 at 2016-07-01 13:34:34 -0700
Processing by HomeController#index as HTML
  Rendered home/index.html.erb within layouts/application (0.5ms)
Completed 200 OK in 18ms (Views: 17.4ms | ActiveRecord: 0.0ms)


Started GET "/assets/home.self-e3b0c44298fc1c149afbf4c8996fb92427ae41e4649b934ca495991b7852b855.css?body=1" for ::1 at 2016-07-01 13:34:34 -0700


Started GET "/assets/react_ujs.self-c42e5ee44bcda6910afca6fb40f99d9963074b3aefe72365ce90c24312e73b2b.js?body=1" for ::1 at 2016-07-01 13:34:34 -0700


Started GET "/assets/application.self-e80e8f2318043e8af94dddc2adad5a4f09739a8ebb323b3ab31cd71d45fd9113.css?body=1" for ::1 at 2016-07-01 13:34:34 -0700


Started GET "/assets/jquery_ujs.self-e87806d0cf4489aeb1bb7288016024e8de67fd18db693fe026fe3907581e53cd.js?body=1" for ::1 at 2016-07-01 13:34:34 -0700


Started GET "/assets/components.self-54be6214fd1cdb6939a851fa5c1752470ae6c89e91e19cb3849a63b255649111.js?body=1" for ::1 at 2016-07-01 13:34:34 -0700


Started GET "/assets/jquery.self-660adc51e0224b731d29f575a6f1ec167ba08ad06ed5deca4f1e8654c135bf4c.js?body=1" for ::1 at 2016-07-01 13:34:34 -0700


Started GET "/assets/development/react.self-bf407d871f2396ec7dcba5eb91bd3f3955401699aef9b87f48b6e1694c24a078.js?body=1" for ::1 at 2016-07-01 13:34:34 -0700


Started GET "/assets/home.self-19a187bec6cdb96d6de80a61c16c857c613536adf9138476bd367db38d282635.js?body=1" for ::1 at 2016-07-01 13:34:34 -0700


Started GET "/assets/application.self-f8806224e027f3e3f0138ea9ce99319e298dfdb323304d1f1be6eae8e8c74724.js?body=1" for ::1 at 2016-07-01 13:34:34 -0700


Started GET "/" for ::1 at 2016-07-01 13:35:00 -0700
Processing by HomeController#index as HTML
  Rendered home/index.html.erb within layouts/application (0.2ms)
Completed 200 OK in 18ms (Views: 17.5ms | ActiveRecord: 0.0ms)


Started GET "/assets/home.self-e3b0c44298fc1c149afbf4c8996fb92427ae41e4649b934ca495991b7852b855.css?body=1" for ::1 at 2016-07-01 13:35:00 -0700


Started GET "/assets/application.self-e80e8f2318043e8af94dddc2adad5a4f09739a8ebb323b3ab31cd71d45fd9113.css?body=1" for ::1 at 2016-07-01 13:35:00 -0700


Started GET "/assets/react_ujs.self-c42e5ee44bcda6910afca6fb40f99d9963074b3aefe72365ce90c24312e73b2b.js?body=1" for ::1 at 2016-07-01 13:35:00 -0700


Started GET "/assets/development/react.self-bf407d871f2396ec7dcba5eb91bd3f3955401699aef9b87f48b6e1694c24a078.js?body=1" for ::1 at 2016-07-01 13:35:00 -0700


Started GET "/assets/jquery_ujs.self-e87806d0cf4489aeb1bb7288016024e8de67fd18db693fe026fe3907581e53cd.js?body=1" for ::1 at 2016-07-01 13:35:00 -0700


Started GET "/assets/jquery.self-660adc51e0224b731d29f575a6f1ec167ba08ad06ed5deca4f1e8654c135bf4c.js?body=1" for ::1 at 2016-07-01 13:35:00 -0700


Started GET "/assets/components.self-54be6214fd1cdb6939a851fa5c1752470ae6c89e91e19cb3849a63b255649111.js?body=1" for ::1 at 2016-07-01 13:35:00 -0700


Started GET "/assets/home.self-19a187bec6cdb96d6de80a61c16c857c613536adf9138476bd367db38d282635.js?body=1" for ::1 at 2016-07-01 13:35:00 -0700


Started GET "/assets/application.self-f8806224e027f3e3f0138ea9ce99319e298dfdb323304d1f1be6eae8e8c74724.js?body=1" for ::1 at 2016-07-01 13:35:00 -0700


Started GET "/" for ::1 at 2016-07-01 13:35:38 -0700
Processing by HomeController#index as */*
  Rendered home/index.html.erb within layouts/application (0.5ms)
Completed 200 OK in 26ms (Views: 26.2ms | ActiveRecord: 0.0ms)


Started GET "/" for ::1 at 2016-07-01 13:35:48 -0700
Processing by HomeController#index as HTML
  Rendered home/index.html.erb within layouts/application (0.5ms)
Completed 200 OK in 27ms (Views: 27.3ms | ActiveRecord: 0.0ms)


Started GET "/assets/home.self-e3b0c44298fc1c149afbf4c8996fb92427ae41e4649b934ca495991b7852b855.css?body=1" for ::1 at 2016-07-01 13:35:48 -0700


Started GET "/assets/jquery_ujs.self-e87806d0cf4489aeb1bb7288016024e8de67fd18db693fe026fe3907581e53cd.js?body=1" for ::1 at 2016-07-01 13:35:48 -0700


Started GET "/assets/react_ujs.self-c42e5ee44bcda6910afca6fb40f99d9963074b3aefe72365ce90c24312e73b2b.js?body=1" for ::1 at 2016-07-01 13:35:48 -0700


Started GET "/assets/application.self-e80e8f2318043e8af94dddc2adad5a4f09739a8ebb323b3ab31cd71d45fd9113.css?body=1" for ::1 at 2016-07-01 13:35:48 -0700


Started GET "/assets/development/react.self-bf407d871f2396ec7dcba5eb91bd3f3955401699aef9b87f48b6e1694c24a078.js?body=1" for ::1 at 2016-07-01 13:35:48 -0700


Started GET "/assets/jquery.self-660adc51e0224b731d29f575a6f1ec167ba08ad06ed5deca4f1e8654c135bf4c.js?body=1" for ::1 at 2016-07-01 13:35:48 -0700


Started GET "/assets/components.self-54be6214fd1cdb6939a851fa5c1752470ae6c89e91e19cb3849a63b255649111.js?body=1" for ::1 at 2016-07-01 13:35:48 -0700


Started GET "/assets/home.self-19a187bec6cdb96d6de80a61c16c857c613536adf9138476bd367db38d282635.js?body=1" for ::1 at 2016-07-01 13:35:48 -0700


Started GET "/assets/application.self-f8806224e027f3e3f0138ea9ce99319e298dfdb323304d1f1be6eae8e8c74724.js?body=1" for ::1 at 2016-07-01 13:35:48 -0700
